<?xml version="1.0" encoding="UTF-8"?>
<!-- Generated by org.testng.reporters.JUnitReportReporter -->
<testsuite hostname="LAPTOP-LK7N5BNI" failures="0" tests="5" name="runners.TestRunner" time="67.382" errors="0" timestamp="2025-08-12T16:00:51 IST" skipped="0">
  <testcase classname="runners.TestRunner" name="runScenario" time="12.939"/>
  <system-out/>
  <testcase classname="runners.TestRunner" name="runScenario" time="13.080"/>
  <system-out/>
  <testcase classname="runners.TestRunner" name="runScenario" time="13.168"/>
  <system-out/>
  <testcase classname="runners.TestRunner" name="runScenario" time="15.212"/>
  <system-out/>
  <testcase classname="runners.TestRunner" name="runScenario" time="12.983"/>
  <system-out/>
</testsuite> <!-- runners.TestRunner -->
